0:100  0:100  MemLog inited, TSC freq: 3696518920
0:100  0:000  CPU was calibrated with RTC
0:100  0:000  
0:100  0:000  Now is 4.1.2019,  19:34:20 (GMT)
0:100  0:000  Starting Clover revision: 4630 on American Megatrends EFI
0:100  0:000  Build with: [Args: -mc --no-usb -D NO_GRUB_DRIVERS_EMBEDDED -t XCODE8 | -D DISABLE_USB_SUPPORT -D NO_GRUB_DRIVERS_EMBEDDED --conf=/Users/macman/src/edk2/Conf -D USE_BIOS_BLOCKIO -D USE_LOW_EBDA -a X64 -b RELEASE -t XCODE8 -n 9 | OS: 10.13.6 | XCODE: 9.4.1]
0:100  0:000  SelfDevicePath=PciRoot(0x0)\Pci(0x1D,0x0)\Pci(0x0,0x0)\NVMe(0x1,57-E5-B2-81-56-38-25-00)\HD(1,GPT,E27516A1-42AE-464D-921A-E79576C2E12E,0x28,0x64000) @8827C918
0:100  0:000  SelfDirPath = \EFI\BOOT
0:100  0:000  === [ Get Smbios ] ========================================
0:100  0:000  Type 16 Index = 0
0:100  0:000  Total Memory Slots Count = 4
0:100  0:000  Type 17 Index = 0
0:100  0:000  Ignoring insane frequency value 0MHz
0:100  0:000  SmbiosTable.Type17->Speed = 0MHz
0:100  0:000  SmbiosTable.Type17->Size = 0MB
0:100  0:000  SmbiosTable.Type17->Bank/Device = BANK 0 ChannelA-DIMM1
0:100  0:000  SmbiosTable.Type17->Vendor = <null string>
0:100  0:000  SmbiosTable.Type17->SerialNumber = <null string>
0:100  0:000  SmbiosTable.Type17->PartNumber = <null string>
0:100  0:000  Type 17 Index = 1
0:100  0:000  SmbiosTable.Type17->Speed = 2667MHz
0:100  0:000  SmbiosTable.Type17->Size = 8192MB
0:100  0:000  SmbiosTable.Type17->Bank/Device = BANK 1 ChannelA-DIMM2
0:100  0:000  SmbiosTable.Type17->Vendor = Corsair
0:100  0:000  SmbiosTable.Type17->SerialNumber = 00000000
0:100  0:000  SmbiosTable.Type17->PartNumber = CMK16GX4M2A2666C16  
0:100  0:000  Type 17 Index = 2
0:100  0:000  Ignoring insane frequency value 0MHz
0:100  0:000  SmbiosTable.Type17->Speed = 0MHz
0:100  0:000  SmbiosTable.Type17->Size = 0MB
0:100  0:000  SmbiosTable.Type17->Bank/Device = BANK 2 ChannelB-DIMM1
0:100  0:000  SmbiosTable.Type17->Vendor = <null string>
0:100  0:000  SmbiosTable.Type17->SerialNumber = <null string>
0:100  0:000  SmbiosTable.Type17->PartNumber = <null string>
0:100  0:000  Type 17 Index = 3
0:100  0:000  SmbiosTable.Type17->Speed = 2667MHz
0:100  0:000  SmbiosTable.Type17->Size = 8192MB
0:100  0:000  SmbiosTable.Type17->Bank/Device = BANK 3 ChannelB-DIMM2
0:100  0:000  SmbiosTable.Type17->Vendor = Corsair
0:100  0:000  SmbiosTable.Type17->SerialNumber = 00000000
0:100  0:000  SmbiosTable.Type17->PartNumber = CMK16GX4M2A2666C16  
0:100  0:000  Boot status=0
0:100  0:000  Running on: 'System Product Name' with board 'ROG MAXIMUS X HERO'
0:100  0:000  === [ GetCPUProperties ] ==================================
0:100  0:000  CPU Vendor = 756E6547 Model=906EA
0:100  0:000   The CPU supported SSE4.1
0:100  0:000  BrandString = Intel(R) Core(TM) i7-8700K CPU @ 3.70GHz
0:100  0:000   The CPU supported turbo
0:100  0:000  MSR 0x35               6000C
0:100  0:000   TSC/CCC Information Leaf:
0:100  0:000    numerator     : 308
0:100  0:000    denominator   : 2
0:100  0:000   Calibrated ARTFrequency: 24003369
0:100  0:000  MSR 0xE2 before patch 1E000000
0:100  0:000  MSR 0xCE              08080838_F1012500
0:100  0:000  corrected FLEX_RATIO = E0000
0:100  0:000  MSR 0x1B0             00000000
0:100  0:000  FSBFrequency = 100 MHz, DMI FSBFrequency = 100 MHz, Corrected FSBFrequency = 100 MHz
0:100  0:000  MaxDiv/MinDiv: 37.0/8
0:100  0:000  Turbo: 39/39/47/47
0:100  0:000  Features: 0xBFEBFBFF
0:100  0:000  Threads: 12
0:100  0:000  Cores: 6
0:100  0:000  FSB: 100 MHz
0:100  0:000  CPU: 3700 MHz
0:100  0:000  TSC: 3700 MHz
0:100  0:000  PIS: 100 MHz
0:100  0:000  ExternalClock: 25 MHz
0:100  0:000  === [ GetDevices ] ========================================
0:100  0:000  PCI (00|00:00.00) : 8086 3EC2 class=060000
0:100  0:000  PCI (00|00:01.00) : 8086 1901 class=060400
0:100  0:000  PCI (00|01:00.00) : 1002 67DF class=030000
0:100  0:000   - GFX: Model=AMD Radeon RX 480 (ATI/AMD)
0:101  0:000  PCI (00|01:00.01) : 1002 AAF0 class=040300
0:101  0:000   - HDMI Audio: 
0:101  0:000  PCI (00|00:14.00) : 8086 A2AF class=0C0330
0:101  0:000  PCI (00|00:16.00) : 8086 A2BA class=078000
0:101  0:000  PCI (00|00:17.00) : 8086 A282 class=010601
0:101  0:000  PCI (00|00:1B.00) : 8086 A2E7 class=060400
0:101  0:000  PCI (00|02:00.00) : 144D A808 class=010802
0:101  0:000  PCI (00|00:1B.06) : 8086 A2ED class=060400
0:101  0:000  PCI (00|03:00.00) : 14E4 43A0 class=028000
0:101  0:000   - WIFI: Vendor=Broadcom
0:101  0:000  PCI (00|00:1C.00) : 8086 A290 class=060400
0:101  0:000  PCI (00|00:1C.04) : 8086 A294 class=060400
0:101  0:000  PCI (00|05:00.00) : 1B21 2142 class=0C0330
0:101  0:000  PCI (00|00:1C.06) : 8086 A296 class=060400
0:101  0:000  PCI (00|06:00.00) : 1B21 2142 class=0C0330
0:101  0:000  PCI (00|00:1D.00) : 8086 A298 class=060400
0:101  0:000  PCI (00|07:00.00) : 144D A808 class=010802
0:101  0:000  PCI (00|00:1F.00) : 8086 A2C9 class=060100
0:101  0:000  PCI (00|00:1F.02) : 8086 A2A1 class=058000
0:101  0:000  PCI (00|00:1F.03) : 8086 A2F0 class=040300
0:101  0:000  PCI (00|00:1F.04) : 8086 A2A3 class=0C0500
0:101  0:000  PCI (00|00:1F.06) : 8086 15B8 class=020000
0:101  0:000   - LAN: 0 Vendor=Intel
0:101  0:000  === [ GetDefaultSettings ] ================================
0:101  0:000  Clover load options size = 0 bytes
0:103  0:001  EFI\CLOVER\config.plist loaded: Success
0:103  0:000  === [ GetListOfThemes ] ===================================
0:103  0:000  - [00]: tonymacx86
0:104  0:000  - [01]: random
0:104  0:000  - [01]: embedded
0:105  0:000  === [ Found config plists ] ===============================
0:105  0:000  - config.plist
0:106  0:000  === [ GetEarlyUserSettings ] ==============================
0:106  0:000  timeout set to 3
0:106  0:000  Custom boot CUSTOM_BOOT_DISABLED (0x0)
0:106  0:000  KextsToPatch: 2 requested
0:106  0:000   - [00]: AppleAHCIPort (External icons patch) :: BinPatch :: data len: 8
0:106  0:000   - [01]: com.apple.driver.usb.AppleUSBXHCI (Remove USB port limit in XHCI kext) :: MatchOS: 10.13.x :: BinPatch :: data len: 10
0:106  0:000  Default theme: tonymacx86
0:106  0:000  Hiding entries with string Windows
0:106  0:000  Hiding entries with string BOOTX64.EFI
0:106  0:000  === [ LoadDrivers ] =======================================
0:107  0:000  Loading PartitionDxe-64.efi  status=Success
0:108  0:000   - driver needs connecting
0:108  0:000  Loading AppleImageCodec-64.efi  status=Success
0:108  0:000  Loading AppleUITheme-64.efi  status=Success
0:109  0:001  Loading DataHubDxe-64.efi  status=Success
0:111  0:001  Loading AppleKeyAggregator-64.efi  status=Success
0:112  0:000  Loading VBoxHfs-64.efi  status=Success
0:113  0:000   - driver needs connecting
0:113  0:000  Loading FSInject-64.efi  status=Success
0:114  0:000  Loading FirmwareVolume-64.efi  status=Success
0:114  0:000  Loading ApfsDriverLoader-64.efi  status=Success
0:115  0:000   - driver needs connecting
0:115  0:000  Loading SMCHelper-64.efi  status=Success
0:116  0:000  Loading AptioMemoryFix-64.efi  status=Success
0:117  0:001  3 drivers needs connecting ...
0:117  0:000  PlatformDriverOverrideProtocol->GetDriver overriden
0:117  0:000  Partition driver loaded: 
0:117  0:000  APFS driver loaded
0:117  0:000  Searching for invalid DiskIo BY_DRIVER connects: not found, all ok
6:475  6:357  === [ InitScreen ] ========================================
6:475  0:000  SetScreenResolution: 1920x1080 - not found!
6:475  0:000  SetMaxResolution: found best mode 5: 2560x1440
6:633  0:158  Video mode change to mode #5: Success
6:633  0:000   - set
6:633  0:000  Console modes reported: 4, available modes:
6:633  0:000   - [01]: 80x25 (current mode)
6:633  0:000   - [02]: 80x50
6:633  0:000   - [03]: 100x31
6:633  0:000   - [04]: 320x75
6:633  0:000  reinit: self device path=PciRoot(0x0)\Pci(0x1D,0x0)\Pci(0x0,0x0)\NVMe(0x1,57-E5-B2-81-56-38-25-00)\HD(1,GPT,E27516A1-42AE-464D-921A-E79576C2E12E,0x28,0x64000)
6:634  0:000  Using embedded font: Success
6:635  0:000  === [ GetMacAddress ] =====================================
6:635  0:000   get legacy LAN MAC, 1 card found
6:635  0:000  Legacy MAC address of LAN #0= 04:92:26:49:4A:DC:
6:635  0:000  === [ ScanSPD ] ===========================================
6:635  0:000  SMBus device : 8086 A2A3 class=0C0500 status=Success
6:635  0:000  SMBus CmdReg: 0x3
6:635  0:000  Scanning SMBus [8086:A2A3], mmio: 0xDFE4A004, ioport: 0xF000, hostc: 0x11
6:635  0:000  Slots to scan [8]...
6:636  0:000  SPD[1]: Got invalid type 0 @0x51. Will set page and retry.
6:636  0:000  SPD[1]: Type 12 @0x51
6:654  0:018  XMP Profile1: 6*125 0 ns
6:654  0:000  Found module with XMP version 2.0
6:654  0:000  DDR speed 2132MHz
6:654  0:000  Slot: 1 Type 26 8192MB 2132MHz Vendor=Corsair PartNo=CMK16GX4M2A2666C16 SerialNo=0000000000000000
6:655  0:000  SPD[3]: Type 12 @0x53
6:673  0:018  XMP Profile1: 6*125 0 ns
6:673  0:000  Found module with XMP version 2.0
6:673  0:000  DDR speed 2132MHz
6:673  0:000  Slot: 3 Type 26 8192MB 2132MHz Vendor=Corsair PartNo=CMK16GX4M2A2666C16 SerialNo=0000000000000000
6:674  0:000  === [ GetAcpiTablesList ] =================================
6:674  0:000  Get Acpi Tables List from RSDT:
6:674  0:000   - [00]: FACP  A M I  len=132
6:674  0:000   - [01]: APIC  A M I  len=244
6:674  0:000   - [02]: FPDT  A M I  len=68
6:674  0:000   - [03]: FIDT  A M I len=156
6:674  0:000   - [04]: WSMT  A M I  len=40
6:674  0:000   - [05]: MCFG  A M I  len=60
6:674  0:000   - [06]: SSDT  SataTabl len=931
6:674  0:000   - [07]: SSDT  SaSsdt  len=12630
6:674  0:000   - [08]: SSDT  PegSsdt len=9745
6:674  0:000   - [09]: HPET  KBL len=56
6:674  0:000   - [10]: SSDT  xh_rvp08 len=2835
6:674  0:000   - [11]: UEFI  A M I  len=66
6:674  0:000   - [12]: SSDT  CpuSsdt len=6062
6:674  0:000   - [13]: LPIT  KBL len=148
6:674  0:000   - [14]: SSDT  HdaDsp len=321
6:674  0:000   - [15]: SSDT  sensrhub len=671
6:674  0:000   - [16]: SSDT  PtidDevc len=12290
6:674  0:000   - [17]: SSDT  TbtTypeC len=1303
6:674  0:000   - [18]: DBGP   len=52
6:674  0:000   - [19]: DBG2   len=84
6:674  0:000   - [20]: DMAR  KBL  len=128
6:674  0:000  Calibrated TSC Frequency = 3696518920 = 3696MHz
6:674  0:000  === [ GetUserSettings ] ===================================
6:674  0:000  USB FixOwnership: yes
6:674  0:000  Dropping 1 tables:
6:674  0:000   - [00]: Drop table  signature="MATS" (5354414D)
6:674  0:000           - set table: 5354414D,                0 to drop: no
6:674  0:000   - final DSDT Fix mask=00000000
6:674  0:000  Using ProductName from config: iMacPro1,1
6:674  0:000  Found same BiosVersion in clover and config
6:674  0:000  BiosVersion: IMP11.88Z.0064.B30.1712081714
6:674  0:000  BiosReleaseDate: 12/08/2017
6:674  0:000  Using FirmwareFeatures from config: 0xFD8FF53F
6:674  0:000  Using FirmwareFeaturesMask from config: 0xFF9FFF3F
6:674  0:000  Board-ID set from config as Mac-7BA5B2D9E42DDD94
6:674  0:000  BoardType: 0xA
6:674  0:000  ChassisType: 0x9
6:675  0:000  === [ Found DSDT tables ] =================================
6:705  0:029  === [ ScanVolumes ] =======================================
6:705  0:000  Found 18 volumes with blockIO
6:705  0:000  - [00]: Volume: PciRoot(0x0)\Pci(0x17,0x0)\Sata(0x2,0xFFFF,0x0)
6:707  0:002  - [01]: Volume: PciRoot(0x0)\Pci(0x17,0x0)\Sata(0x3,0xFFFF,0x0)
6:718  0:010  - [02]: Volume: PciRoot(0x0)\Pci(0x17,0x0)\Sata(0x2,0xFFFF,0x0)\HD(1,GPT,2C746EEE-B426-4D1B-8AF4-673484F748EC,0x800,0xDF94000)
6:719  0:000          Result of bootcode detection: bootable unknown (legacy)
6:719  0:000  - [03]: Volume: PciRoot(0x0)\Pci(0x17,0x0)\Sata(0x3,0xFFFF,0x0)\HD(1,GPT,331AF6A3-2CA4-4071-9F72-69FC74ACB6CC,0x28,0x64000)
6:719  0:000          Result of bootcode detection: bootable unknown (legacy)
6:722  0:002  - [04]: Volume: PciRoot(0x0)\Pci(0x17,0x0)\Sata(0x3,0xFFFF,0x0)\HD(2,GPT,3BBDE2F1-9CCD-45F7-86DD-97CEE1774EF4,0x64028,0x4A7B3A20)
6:729  0:007          Result of bootcode detection: bootable unknown (legacy)
6:729  0:000  - [05]: Volume: PciRoot(0x0)\Pci(0x17,0x0)\Sata(0x3,0xFFFF,0x0)\HD(3,GPT,5E36377C-AC1B-4388-BC49-B1915D4B2B17,0x4A817A48,0x40000)
6:751  0:022  - [06]: Volume: PciRoot(0x0)\Pci(0x1B,0x0)\Pci(0x0,0x0)\NVMe(0x1,48-25-B1-81-59-38-25-00)
6:751  0:000  - [07]: Volume: PciRoot(0x0)\Pci(0x1B,0x0)\Pci(0x0,0x0)\NVMe(0x1,48-25-B1-81-59-38-25-00)\HD(1,GPT,05AD7581-B592-4F74-807E-AB4351355570,0x800,0xF9800)
6:752  0:000          Result of bootcode detection: bootable Windows (vista,win)
6:752  0:000  - [08]: Volume: PciRoot(0x0)\Pci(0x1B,0x0)\Pci(0x0,0x0)\NVMe(0x1,48-25-B1-81-59-38-25-00)\HD(2,GPT,5AC8328C-D9F5-49ED-A2E7-0DF832A3964C,0xFA000,0x32000)
6:752  0:000          Result of bootcode detection: bootable Windows (vista,win)
6:752  0:000  - [09]: Volume: PciRoot(0x0)\Pci(0x1B,0x0)\Pci(0x0,0x0)\NVMe(0x1,48-25-B1-81-59-38-25-00)\HD(3,GPT,869A2D3F-398A-42D1-A9CA-AD5EBE67F066,0x12C000,0x8000)
6:752  0:000  - [10]: Volume: PciRoot(0x0)\Pci(0x1B,0x0)\Pci(0x0,0x0)\NVMe(0x1,48-25-B1-81-59-38-25-00)\HD(4,GPT,A4A74B0D-03ED-4AED-A14E-466D722DD1C8,0x134000,0x3A252000)
6:752  0:000          Result of bootcode detection: bootable Windows (vista,win)
6:752  0:000  - [11]: Volume: PciRoot(0x0)\Pci(0x1D,0x0)\Pci(0x0,0x0)\NVMe(0x1,57-E5-B2-81-56-38-25-00)
6:752  0:000  - [12]: Volume: PciRoot(0x0)\Pci(0x1D,0x0)\Pci(0x0,0x0)\NVMe(0x1,57-E5-B2-81-56-38-25-00)\HD(1,GPT,E27516A1-42AE-464D-921A-E79576C2E12E,0x28,0x64000)
6:752  0:000          Result of bootcode detection: bootable unknown (legacy)
6:753  0:000          This is SelfVolume !!
6:753  0:000  - [13]: Volume: PciRoot(0x0)\Pci(0x1D,0x0)\Pci(0x0,0x0)\NVMe(0x1,57-E5-B2-81-56-38-25-00)\HD(2,GPT,13B56E0C-BA42-4966-995F-1124BC21277E,0x64028,0x3A321FE0)
6:753  0:000          Result of bootcode detection: bootable unknown (legacy)
6:753  0:000  - [14]: Volume: PciRoot(0x0)\Pci(0x1D,0x0)\Pci(0x0,0x0)\NVMe(0x1,57-E5-B2-81-56-38-25-00)\HD(2,GPT,13B56E0C-BA42-4966-995F-1124BC21277E,0x64028,0x3A321FE0)\VenMedia(BE74FCF7-0B7C-49F3-9147-01F4042E6842,1B6AAE100BF5844C9A1D5FDAF1DB53FC)
6:753  0:000  - [15]: Volume: PciRoot(0x0)\Pci(0x1D,0x0)\Pci(0x0,0x0)\NVMe(0x1,57-E5-B2-81-56-38-25-00)\HD(2,GPT,13B56E0C-BA42-4966-995F-1124BC21277E,0x64028,0x3A321FE0)\VenMedia(BE74FCF7-0B7C-49F3-9147-01F4042E6842,18B3572423CEF34BA9CB9D00E3C2AE77)
6:753  0:000  - [16]: Volume: PciRoot(0x0)\Pci(0x1D,0x0)\Pci(0x0,0x0)\NVMe(0x1,57-E5-B2-81-56-38-25-00)\HD(2,GPT,13B56E0C-BA42-4966-995F-1124BC21277E,0x64028,0x3A321FE0)\VenMedia(BE74FCF7-0B7C-49F3-9147-01F4042E6842,222D4E773233C844AC8021C30FB1EA00)
6:753  0:000  - [17]: Volume: PciRoot(0x0)\Pci(0x1D,0x0)\Pci(0x0,0x0)\NVMe(0x1,57-E5-B2-81-56-38-25-00)\HD(2,GPT,13B56E0C-BA42-4966-995F-1124BC21277E,0x64028,0x3A321FE0)\VenMedia(BE74FCF7-0B7C-49F3-9147-01F4042E6842,FD310F66E772BB4C81B11D96FDF4116D)
6:753  0:000  === [ InitTheme ] =========================================
6:755  0:001  Using theme 'tonymacx86' (EFI\CLOVER\themes\tonymacx86)
6:755  0:000  Loading font from ThemeDir: Error
6:756  0:000  Chosen theme tonymacx86
6:756  0:000  found boot-args in NVRAM:kext-dev-mode=1, size=16
6:756  0:000  ...found arg:kext-dev-mode=1
6:756  0:000  ...adding arg:kext-dev-mode=1
6:757  0:000  after NVRAM boot-args=dart=0 kext-dev-mode=1 
6:757  0:000  Scanning legacy ...
6:757  0:000   7: 'Recovery' (vista,win) add legacy
6:761  0:004   added 'Boot Windows from Recovery' OSType=2 Icon=vista,win
6:761  0:000   8: 'EFI' (vista,win) add legacy
6:762  0:001   added 'Boot Windows from EFI' OSType=2 Icon=vista,win
6:762  0:000  10: '' (vista,win) add legacy
6:764  0:001   added 'Boot Windows from ' OSType=2 Icon=vista,win
6:764  0:000  === [ Dump SMC keys from NVRAM ] ==========================
6:764  0:000  found AppleSMC protocol
6:851  0:087  Registered 16 SMC keys
6:853  0:002  === [ ScanLoader ] ========================================
6:853  0:000  - [02]: 'Share'
6:871  0:017  - [03]: 'EFI'
6:910  0:039  - [05]: 'Boot OS X'
6:928  0:017  - [07]: 'Recovery'
6:946  0:017  - [08]: 'EFI'
6:948  0:001          AddLoaderEntry for Volume Name=EFI
6:969  0:020          AddLoaderEntry for Volume Name=EFI
6:969  0:000          skipped because entry is hidden
6:969  0:000  - [10]: ''
6:986  0:017  - [12]: 'EFI'
7:007  0:020          AddLoaderEntry for Volume Name=EFI
7:007  0:000          skipped because entry is hidden
7:007  0:000  - [14]: 'Preboot'
7:030  0:022          AddLoaderEntry for Volume Name=Preboot
7:055  0:025      Check if volume Is Hibernated:
7:055  0:000      Check sleep image 'by signature':
7:057  0:002      using default sleep image name = \private\var\vm\sleepimage
7:058  0:000      sleepimage not found -> Not Found
7:058  0:000      hibernated: no - sign
7:069  0:011          AddLoaderEntry for Volume Name=Preboot
7:146  0:076  - [15]: 'Hackintosh SSD'
7:369  0:223          AddLoaderEntry for Volume Name=Hackintosh SSD
7:421  0:051      Check if volume Is Hibernated:
7:421  0:000      Check sleep image 'by signature':
7:491  0:070      read prefs \Library\Preferences\com.apple.PowerManagement.plist status=Success
7:491  0:000      using default sleep image name = \private\var\vm\sleepimage
7:520  0:028      sleepimage not found -> Not Found
7:520  0:000      hibernated: no - sign
7:606  0:086  - [16]: 'Recovery'
7:625  0:019          AddLoaderEntry for Volume Name=Recovery
7:687  0:061  - [17]: 'VM'
7:705  0:017  === [ AddCustomTool ] =====================================
7:705  0:000  found tool \EFI\CLOVER\tools\Shell64U.efi
7:705  0:000  Checking EFI partition Volume 3 for Clover
7:706  0:001  Checking EFI partition Volume 8 for Clover
7:707  0:000  Checking EFI partition Volume 12 for Clover
7:707  0:000   Found Clover
7:710  0:003  === [ GetEfiBootDeviceFromNvram ] =========================
7:711  0:001   - found entry 6. 'Boot macOS from Hackintosh SSD', Volume 'Hackintosh SSD', DevicePath 'PciRoot(0x0)\Pci(0x1D,0x0)\Pci(0x0,0x0)\NVMe(0x1,57-E5-B2-81-56-38-25-00)\HD(2,GPT,13B56E0C-BA42-4966-995F-1124BC21277E,0x64028,0x3A321FE0)\VenMedia(BE74FCF7-0B7C-49F3-9147-01F4042E6842,18B3572423CEF34BA9CB9D00E3C2AE77)\System\Library\CoreServices\boot.efii'
7:711  0:000  DefaultIndex=6 and MainMenu.EntryCount=14
7:913  0:201  GUI ready
